<?xml version="1.0" encoding="UTF-8"?>
<testng-results ignored="0" total="1" passed="1" failed="0" skipped="0">
  <reporter-output>
  </reporter-output>
  <suite started-at="2018-04-08T19:02:12Z" name="Default suite" finished-at="2018-04-08T19:04:31Z" duration-ms="139311">
    <groups>
      <group name="cucumber">
        <method signature="AbstractTestNGCucumberTests.feature(cucumber.api.testng.CucumberFeatureWrapper)[pri:0, instance:runners.Test2Runner@5f16132a]" name="feature" class="cucumber.api.testng.AbstractTestNGCucumberTests"/>
      </group> <!-- cucumber -->
    </groups>
    <test started-at="2018-04-08T19:02:12Z" name="Default test" finished-at="2018-04-08T19:04:31Z" duration-ms="139311">
      <class name="runners.Test2Runner">
        <test-method is-config="true" signature="setUpClass()[pri:0, instance:runners.Test2Runner@5f16132a]" started-at="2018-04-08T19:02:12Z" name="setUpClass" finished-at="2018-04-08T19:02:13Z" duration-ms="511" status="PASS">
          <reporter-output>
          </reporter-output>
        </test-method> <!-- setUpClass -->
        <test-method signature="feature(cucumber.api.testng.CucumberFeatureWrapper)[pri:0, instance:runners.Test2Runner@5f16132a]" started-at="2018-04-08T19:02:13Z" name="feature" description="Runs Cucumber Feature" data-provider="features" finished-at="2018-04-08T19:04:31Z" duration-ms="138298" status="PASS">
          <params>
            <param index="0">
              <value>
                <![CDATA[Automated End2End Tests]]>
              </value>
            </param>
          </params>
          <reporter-output>
          </reporter-output>
        </test-method> <!-- feature -->
        <test-method is-config="true" signature="tearDownClass()[pri:0, instance:runners.Test2Runner@5f16132a]" started-at="2018-04-08T19:04:31Z" name="tearDownClass" finished-at="2018-04-08T19:04:31Z" duration-ms="192" status="PASS">
          <reporter-output>
          </reporter-output>
        </test-method> <!-- tearDownClass -->
      </class> <!-- runners.Test2Runner -->
    </test> <!-- Default test -->
  </suite> <!-- Default suite -->
</testng-results>
